# JRE version: Java(TM) SE Runtime Environment (8.0_201-b09) (build 1.8.0_201-b09)
# Java VM: Java HotSpot(TM) 64-Bit Server VM (25.201-b09 mixed mode windows-amd64 compressed oops)
Heap:
 PSYoungGen      total 57344K, used 36180K [0x0000000780980000, 0x0000000784980000, 0x00000007c0000000)
  eden space 49152K, 56% used [0x0000000780980000,0x00000007824d8b40,0x0000000783980000)
  from space 8192K, 99% used [0x0000000784180000,0x000000078497c518,0x0000000784980000)
  to   space 8192K, 0% used [0x0000000783980000,0x0000000783980000,0x0000000784180000)
 ParOldGen       total 131072K, used 15251K [0x0000000701c00000, 0x0000000709c00000, 0x0000000780980000)
  object space 131072K, 11% used [0x0000000701c00000,0x0000000702ae4da8,0x0000000709c00000)
 Metaspace       used 17344K, capacity 17586K, committed 17792K, reserved 1064960K
  class space    used 1727K, capacity 1828K, committed 1920K, reserved 1048576K
GC Heap History (4 events):
Event: 6.241 GC heap before
{Heap before GC invocations=1 (full 0):
 PSYoungGen      total 57344K, used 49152K [0x0000000780980000, 0x0000000784980000, 0x00000007c0000000)
  eden space 49152K, 100% used [0x0000000780980000,0x0000000783980000,0x0000000783980000)
  from space 8192K, 0% used [0x0000000784180000,0x0000000784180000,0x0000000784980000)
  to   space 8192K, 0% used [0x0000000783980000,0x0000000783980000,0x0000000784180000)
 ParOldGen       total 131072K, used 0K [0x0000000701c00000, 0x0000000709c00000, 0x0000000780980000)
  object space 131072K, 0% used [0x0000000701c00000,0x0000000701c00000,0x0000000709c00000)
 Metaspace       used 16036K, capacity 16242K, committed 16384K, reserved 1064960K
  class space    used 1665K, capacity 1764K, committed 1792K, reserved 1048576K
Event: 6.251 GC heap after
Heap after GC invocations=1 (full 0):
 PSYoungGen      total 57344K, used 8187K [0x0000000780980000, 0x0000000784980000, 0x00000007c0000000)
  eden space 49152K, 0% used [0x0000000780980000,0x0000000780980000,0x0000000783980000)
  from space 8192K, 99% used [0x0000000783980000,0x000000078417eee8,0x0000000784180000)
  to   space 8192K, 0% used [0x0000000784180000,0x0000000784180000,0x0000000784980000)
 ParOldGen       total 131072K, used 14562K [0x0000000701c00000, 0x0000000709c00000, 0x0000000780980000)
  object space 131072K, 11% used [0x0000000701c00000,0x0000000702a389e8,0x0000000709c00000)
 Metaspace       used 16036K, capacity 16242K, committed 16384K, reserved 1064960K
  class space    used 1665K, capacity 1764K, committed 1792K, reserved 1048576K
}
Event: 6.673 GC heap before
{Heap before GC invocations=2 (full 0):
 PSYoungGen      total 57344K, used 57095K [0x0000000780980000, 0x0000000784980000, 0x00000007c0000000)
  eden space 49152K, 99% used [0x0000000780980000,0x0000000783943030,0x0000000783980000)
  from space 8192K, 99% used [0x0000000783980000,0x000000078417eee8,0x0000000784180000)
  to   space 8192K, 0% used [0x0000000784180000,0x0000000784180000,0x0000000784980000)
 ParOldGen       total 131072K, used 14562K [0x0000000701c00000, 0x0000000709c00000, 0x0000000780980000)
  object space 131072K, 11% used [0x0000000701c00000,0x0000000702a389e8,0x0000000709c00000)
 Metaspace       used 17321K, capacity 17554K, committed 17792K, reserved 1064960K
  class space    used 1725K, capacity 1796K, committed 1920K, reserved 1048576K
Event: 6.679 GC heap after
Heap after GC invocations=2 (full 0):
 PSYoungGen      total 57344K, used 8177K [0x0000000780980000, 0x0000000784980000, 0x00000007c0000000)
  eden space 49152K, 0% used [0x0000000780980000,0x0000000780980000,0x0000000783980000)
  from space 8192K, 99% used [0x0000000784180000,0x000000078497c518,0x0000000784980000)
  to   space 8192K, 0% used [0x0000000783980000,0x0000000783980000,0x0000000784180000)
 ParOldGen       total 131072K, used 15251K [0x0000000701c00000, 0x0000000709c00000, 0x0000000780980000)
  object space 131072K, 11% used [0x0000000701c00000,0x0000000702ae4da8,0x0000000709c00000)
 Metaspace       used 17321K, capacity 17554K, committed 17792K, reserved 1064960K
  class space    used 1725K, capacity 1796K, committed 1920K, reserved 1048576K
}

