# JRE version: Java(TM) SE Runtime Environment (8.0_201-b09) (build 1.8.0_201-b09)
# Java VM: Java HotSpot(TM) 64-Bit Server VM (25.201-b09 mixed mode windows-amd64 compressed oops)
Heap:
 PSYoungGen      total 467968K, used 95708K [0x0000000780980000, 0x00000007a0c00000, 0x00000007c0000000)
  eden space 442368K, 19% used [0x0000000780980000,0x0000000785c5f6b0,0x000000079b980000)
  from space 25600K, 42% used [0x000000079d180000,0x000000079dc179f8,0x000000079ea80000)
  to   space 24576K, 0% used [0x000000079b980000,0x000000079b980000,0x000000079d180000)
 ParOldGen       total 401408K, used 194651K [0x0000000701c00000, 0x000000071a400000, 0x0000000780980000)
  object space 401408K, 48% used [0x0000000701c00000,0x000000070da16e08,0x000000071a400000)
 Metaspace       used 18139K, capacity 18386K, committed 18688K, reserved 1067008K
  class space    used 1826K, capacity 1924K, committed 2048K, reserved 1048576K
GC Heap History (10 events):
Event: 10.442 GC heap before
{Heap before GC invocations=14 (full 3):
 PSYoungGen      total 275968K, used 16640K [0x0000000780980000, 0x000000079a380000, 0x00000007c0000000)
  eden space 256000K, 0% used [0x0000000780980000,0x0000000780980000,0x0000000790380000)
  from space 19968K, 83% used [0x0000000790380000,0x00000007913c0010,0x0000000791700000)
  to   space 22528K, 0% used [0x0000000798d80000,0x0000000798d80000,0x000000079a380000)
 ParOldGen       total 217088K, used 182330K [0x0000000701c00000, 0x000000070f000000, 0x0000000780980000)
  object space 217088K, 83% used [0x0000000701c00000,0x000000070ce0eb48,0x000000070f000000)
 Metaspace       used 16920K, capacity 17074K, committed 17280K, reserved 1064960K
  class space    used 1767K, capacity 1828K, committed 1920K, reserved 1048576K
Event: 10.479 GC heap after
Heap after GC invocations=14 (full 3):
 PSYoungGen      total 275968K, used 0K [0x0000000780980000, 0x000000079a380000, 0x00000007c0000000)
  eden space 256000K, 0% used [0x0000000780980000,0x0000000780980000,0x0000000790380000)
  from space 19968K, 0% used [0x0000000790380000,0x0000000790380000,0x0000000791700000)
  to   space 22528K, 0% used [0x0000000798d80000,0x0000000798d80000,0x000000079a380000)
 ParOldGen       total 307200K, used 129095K [0x0000000701c00000, 0x0000000714800000, 0x0000000780980000)
  object space 307200K, 42% used [0x0000000701c00000,0x0000000709a11c90,0x0000000714800000)
 Metaspace       used 16920K, capacity 17074K, committed 17280K, reserved 1064960K
  class space    used 1767K, capacity 1828K, committed 1920K, reserved 1048576K
}
Event: 11.153 GC heap before
{Heap before GC invocations=15 (full 3):
 PSYoungGen      total 275968K, used 256000K [0x0000000780980000, 0x000000079a380000, 0x00000007c0000000)
  eden space 256000K, 100% used [0x0000000780980000,0x0000000790380000,0x0000000790380000)
  from space 19968K, 0% used [0x0000000790380000,0x0000000790380000,0x0000000791700000)
  to   space 22528K, 0% used [0x0000000798d80000,0x0000000798d80000,0x000000079a380000)
 ParOldGen       total 307200K, used 129095K [0x0000000701c00000, 0x0000000714800000, 0x0000000780980000)
  object space 307200K, 42% used [0x0000000701c00000,0x0000000709a11c90,0x0000000714800000)
 Metaspace       used 16921K, capacity 17074K, committed 17280K, reserved 1064960K
  class space    used 1767K, capacity 1828K, committed 1920K, reserved 1048576K
Event: 11.167 GC heap after
Heap after GC invocations=15 (full 3):
 PSYoungGen      total 353280K, used 16608K [0x0000000780980000, 0x0000000799e00000, 0x00000007c0000000)
  eden space 336384K, 0% used [0x0000000780980000,0x0000000780980000,0x0000000795200000)
  from space 16896K, 98% used [0x0000000798d80000,0x0000000799db8010,0x0000000799e00000)
  to   space 24064K, 0% used [0x0000000796f00000,0x0000000796f00000,0x0000000798680000)
 ParOldGen       total 307200K, used 178247K [0x0000000701c00000, 0x0000000714800000, 0x0000000780980000)
  object space 307200K, 58% used [0x0000000701c00000,0x000000070ca11cc0,0x0000000714800000)
 Metaspace       used 16921K, capacity 17074K, committed 17280K, reserved 1064960K
  class space    used 1767K, capacity 1828K, committed 1920K, reserved 1048576K
}
Event: 11.879 GC heap before
{Heap before GC invocations=16 (full 3):
 PSYoungGen      total 353280K, used 352992K [0x0000000780980000, 0x0000000799e00000, 0x00000007c0000000)
  eden space 336384K, 100% used [0x0000000780980000,0x0000000795200000,0x0000000795200000)
  from space 16896K, 98% used [0x0000000798d80000,0x0000000799db8010,0x0000000799e00000)
  to   space 24064K, 0% used [0x0000000796f00000,0x0000000796f00000,0x0000000798680000)
 ParOldGen       total 307200K, used 178247K [0x0000000701c00000, 0x0000000714800000, 0x0000000780980000)
  object space 307200K, 58% used [0x0000000701c00000,0x000000070ca11cc0,0x0000000714800000)
 Metaspace       used 16921K, capacity 17074K, committed 17280K, reserved 1064960K
  class space    used 1767K, capacity 1828K, committed 1920K, reserved 1048576K
Event: 11.891 GC heap after
Heap after GC invocations=16 (full 3):
 PSYoungGen      total 390144K, used 16576K [0x0000000780980000, 0x000000079ea80000, 0x00000007c0000000)
  eden space 366080K, 0% used [0x0000000780980000,0x0000000780980000,0x0000000796f00000)
  from space 24064K, 68% used [0x0000000796f00000,0x0000000797f30010,0x0000000798680000)
  to   space 25600K, 0% used [0x000000079d180000,0x000000079d180000,0x000000079ea80000)
 ParOldGen       total 307200K, used 227439K [0x0000000701c00000, 0x0000000714800000, 0x0000000780980000)
  object space 307200K, 74% used [0x0000000701c00000,0x000000070fa1bcf0,0x0000000714800000)
 Metaspace       used 16921K, capacity 17074K, committed 17280K, reserved 1064960K
  class space    used 1767K, capacity 1828K, committed 1920K, reserved 1048576K
}
Event: 11.891 GC heap before
{Heap before GC invocations=17 (full 4):
 PSYoungGen      total 390144K, used 16576K [0x0000000780980000, 0x000000079ea80000, 0x00000007c0000000)
  eden space 366080K, 0% used [0x0000000780980000,0x0000000780980000,0x0000000796f00000)
  from space 24064K, 68% used [0x0000000796f00000,0x0000000797f30010,0x0000000798680000)
  to   space 25600K, 0% used [0x000000079d180000,0x000000079d180000,0x000000079ea80000)
 ParOldGen       total 307200K, used 227439K [0x0000000701c00000, 0x0000000714800000, 0x0000000780980000)
  object space 307200K, 74% used [0x0000000701c00000,0x000000070fa1bcf0,0x0000000714800000)
 Metaspace       used 16921K, capacity 17074K, committed 17280K, reserved 1064960K
  class space    used 1767K, capacity 1828K, committed 1920K, reserved 1048576K
Event: 11.909 GC heap after
Heap after GC invocations=17 (full 4):
 PSYoungGen      total 390144K, used 0K [0x0000000780980000, 0x000000079ea80000, 0x00000007c0000000)
  eden space 366080K, 0% used [0x0000000780980000,0x0000000780980000,0x0000000796f00000)
  from space 24064K, 0% used [0x0000000796f00000,0x0000000796f00000,0x0000000798680000)
  to   space 25600K, 0% used [0x000000079d180000,0x000000079d180000,0x000000079ea80000)
 ParOldGen       total 401408K, used 194643K [0x0000000701c00000, 0x000000071a400000, 0x0000000780980000)
  object space 401408K, 48% used [0x0000000701c00000,0x000000070da14e08,0x000000071a400000)
 Metaspace       used 16921K, capacity 17074K, committed 17280K, reserved 1064960K
  class space    used 1767K, capacity 1828K, committed 1920K, reserved 1048576K
}
Event: 12.610 GC heap before
{Heap before GC invocations=18 (full 4):
 PSYoungGen      total 390144K, used 366080K [0x0000000780980000, 0x000000079ea80000, 0x00000007c0000000)
  eden space 366080K, 100% used [0x0000000780980000,0x0000000796f00000,0x0000000796f00000)
  from space 24064K, 0% used [0x0000000796f00000,0x0000000796f00000,0x0000000798680000)
  to   space 25600K, 0% used [0x000000079d180000,0x000000079d180000,0x000000079ea80000)
 ParOldGen       total 401408K, used 194643K [0x0000000701c00000, 0x000000071a400000, 0x0000000780980000)
  object space 401408K, 48% used [0x0000000701c00000,0x000000070da14e08,0x000000071a400000)
 Metaspace       used 18108K, capacity 18322K, committed 18688K, reserved 1067008K
  class space    used 1825K, capacity 1924K, committed 2048K, reserved 1048576K
Event: 12.618 GC heap after
Heap after GC invocations=18 (full 4):
 PSYoungGen      total 467968K, used 10846K [0x0000000780980000, 0x00000007a0c00000, 0x00000007c0000000)
  eden space 442368K, 0% used [0x0000000780980000,0x0000000780980000,0x000000079b980000)
  from space 25600K, 42% used [0x000000079d180000,0x000000079dc179f8,0x000000079ea80000)
  to   space 24576K, 0% used [0x000000079b980000,0x000000079b980000,0x000000079d180000)
 ParOldGen       total 401408K, used 194651K [0x0000000701c00000, 0x000000071a400000, 0x0000000780980000)
  object space 401408K, 48% used [0x0000000701c00000,0x000000070da16e08,0x000000071a400000)
 Metaspace       used 18108K, capacity 18322K, committed 18688K, reserved 1067008K
  class space    used 1825K, capacity 1924K, committed 2048K, reserved 1048576K
}

