# JRE version: Java(TM) SE Runtime Environment (8.0_201-b09) (build 1.8.0_201-b09)
# Java VM: Java HotSpot(TM) 64-Bit Server VM (25.201-b09 mixed mode windows-amd64 compressed oops)
Heap:
 PSYoungGen      total 57344K, used 35151K [0x0000000780980000, 0x0000000784980000, 0x00000007c0000000)
  eden space 49152K, 54% used [0x0000000780980000,0x00000007823d40a0,0x0000000783980000)
  from space 8192K, 99% used [0x0000000784180000,0x000000078497fbe0,0x0000000784980000)
  to   space 8192K, 0% used [0x0000000783980000,0x0000000783980000,0x0000000784180000)
 ParOldGen       total 131072K, used 12041K [0x0000000701c00000, 0x0000000709c00000, 0x0000000780980000)
  object space 131072K, 9% used [0x0000000701c00000,0x00000007027c2680,0x0000000709c00000)
 Metaspace       used 17325K, capacity 17586K, committed 17792K, reserved 1064960K
  class space    used 1725K, capacity 1828K, committed 1920K, reserved 1048576K
GC Heap History (4 events):
Event: 6.300 GC heap before
{Heap before GC invocations=1 (full 0):
 PSYoungGen      total 57344K, used 49152K [0x0000000780980000, 0x0000000784980000, 0x00000007c0000000)
  eden space 49152K, 100% used [0x0000000780980000,0x0000000783980000,0x0000000783980000)
  from space 8192K, 0% used [0x0000000784180000,0x0000000784180000,0x0000000784980000)
  to   space 8192K, 0% used [0x0000000783980000,0x0000000783980000,0x0000000784180000)
 ParOldGen       total 131072K, used 0K [0x0000000701c00000, 0x0000000709c00000, 0x0000000780980000)
  object space 131072K, 0% used [0x0000000701c00000,0x0000000701c00000,0x0000000709c00000)
 Metaspace       used 16025K, capacity 16210K, committed 16384K, reserved 1064960K
  class space    used 1663K, capacity 1732K, committed 1792K, reserved 1048576K
Event: 6.308 GC heap after
Heap after GC invocations=1 (full 0):
 PSYoungGen      total 57344K, used 8175K [0x0000000780980000, 0x0000000784980000, 0x00000007c0000000)
  eden space 49152K, 0% used [0x0000000780980000,0x0000000780980000,0x0000000783980000)
  from space 8192K, 99% used [0x0000000783980000,0x000000078417be10,0x0000000784180000)
  to   space 8192K, 0% used [0x0000000784180000,0x0000000784180000,0x0000000784980000)
 ParOldGen       total 131072K, used 9982K [0x0000000701c00000, 0x0000000709c00000, 0x0000000780980000)
  object space 131072K, 7% used [0x0000000701c00000,0x00000007025bfa40,0x0000000709c00000)
 Metaspace       used 16025K, capacity 16210K, committed 16384K, reserved 1064960K
  class space    used 1663K, capacity 1732K, committed 1792K, reserved 1048576K
}
Event: 6.732 GC heap before
{Heap before GC invocations=2 (full 0):
 PSYoungGen      total 57344K, used 57327K [0x0000000780980000, 0x0000000784980000, 0x00000007c0000000)
  eden space 49152K, 100% used [0x0000000780980000,0x0000000783980000,0x0000000783980000)
  from space 8192K, 99% used [0x0000000783980000,0x000000078417be10,0x0000000784180000)
  to   space 8192K, 0% used [0x0000000784180000,0x0000000784180000,0x0000000784980000)
 ParOldGen       total 131072K, used 9982K [0x0000000701c00000, 0x0000000709c00000, 0x0000000780980000)
  object space 131072K, 7% used [0x0000000701c00000,0x00000007025bfa40,0x0000000709c00000)
 Metaspace       used 17300K, capacity 17490K, committed 17792K, reserved 1064960K
  class space    used 1724K, capacity 1796K, committed 1920K, reserved 1048576K
Event: 6.738 GC heap after
Heap after GC invocations=2 (full 0):
 PSYoungGen      total 57344K, used 8190K [0x0000000780980000, 0x0000000784980000, 0x00000007c0000000)
  eden space 49152K, 0% used [0x0000000780980000,0x0000000780980000,0x0000000783980000)
  from space 8192K, 99% used [0x0000000784180000,0x000000078497fbe0,0x0000000784980000)
  to   space 8192K, 0% used [0x0000000783980000,0x0000000783980000,0x0000000784180000)
 ParOldGen       total 131072K, used 12041K [0x0000000701c00000, 0x0000000709c00000, 0x0000000780980000)
  object space 131072K, 9% used [0x0000000701c00000,0x00000007027c2680,0x0000000709c00000)
 Metaspace       used 17300K, capacity 17490K, committed 17792K, reserved 1064960K
  class space    used 1724K, capacity 1796K, committed 1920K, reserved 1048576K
}

