# JRE version: Java(TM) SE Runtime Environment (8.0_201-b09) (build 1.8.0_201-b09)
# Java VM: Java HotSpot(TM) 64-Bit Server VM (25.201-b09 mixed mode windows-amd64 compressed oops)
Heap:
 PSYoungGen      total 57344K, used 36174K [0x0000000780980000, 0x0000000784980000, 0x00000007c0000000)
  eden space 49152K, 56% used [0x0000000780980000,0x00000007824d81d8,0x0000000783980000)
  from space 8192K, 99% used [0x0000000784180000,0x000000078497b7b0,0x0000000784980000)
  to   space 8192K, 0% used [0x0000000783980000,0x0000000783980000,0x0000000784180000)
 ParOldGen       total 131072K, used 12085K [0x0000000701c00000, 0x0000000709c00000, 0x0000000780980000)
  object space 131072K, 9% used [0x0000000701c00000,0x00000007027cd740,0x0000000709c00000)
 Metaspace       used 17364K, capacity 17586K, committed 17792K, reserved 1064960K
  class space    used 1727K, capacity 1828K, committed 1920K, reserved 1048576K
GC Heap History (4 events):
Event: 6.235 GC heap before
{Heap before GC invocations=1 (full 0):
 PSYoungGen      total 57344K, used 49152K [0x0000000780980000, 0x0000000784980000, 0x00000007c0000000)
  eden space 49152K, 100% used [0x0000000780980000,0x0000000783980000,0x0000000783980000)
  from space 8192K, 0% used [0x0000000784180000,0x0000000784180000,0x0000000784980000)
  to   space 8192K, 0% used [0x0000000783980000,0x0000000783980000,0x0000000784180000)
 ParOldGen       total 131072K, used 0K [0x0000000701c00000, 0x0000000709c00000, 0x0000000780980000)
  object space 131072K, 0% used [0x0000000701c00000,0x0000000701c00000,0x0000000709c00000)
 Metaspace       used 16050K, capacity 16306K, committed 16640K, reserved 1064960K
  class space    used 1666K, capacity 1764K, committed 1792K, reserved 1048576K
Event: 6.242 GC heap after
Heap after GC invocations=1 (full 0):
 PSYoungGen      total 57344K, used 8161K [0x0000000780980000, 0x0000000784980000, 0x00000007c0000000)
  eden space 49152K, 0% used [0x0000000780980000,0x0000000780980000,0x0000000783980000)
  from space 8192K, 99% used [0x0000000783980000,0x0000000784178720,0x0000000784180000)
  to   space 8192K, 0% used [0x0000000784180000,0x0000000784180000,0x0000000784980000)
 ParOldGen       total 131072K, used 10001K [0x0000000701c00000, 0x0000000709c00000, 0x0000000780980000)
  object space 131072K, 7% used [0x0000000701c00000,0x00000007025c4638,0x0000000709c00000)
 Metaspace       used 16050K, capacity 16306K, committed 16640K, reserved 1064960K
  class space    used 1666K, capacity 1764K, committed 1792K, reserved 1048576K
}
Event: 6.659 GC heap before
{Heap before GC invocations=2 (full 0):
 PSYoungGen      total 57344K, used 57177K [0x0000000780980000, 0x0000000784980000, 0x00000007c0000000)
  eden space 49152K, 99% used [0x0000000780980000,0x000000078395df78,0x0000000783980000)
  from space 8192K, 99% used [0x0000000783980000,0x0000000784178720,0x0000000784180000)
  to   space 8192K, 0% used [0x0000000784180000,0x0000000784180000,0x0000000784980000)
 ParOldGen       total 131072K, used 10001K [0x0000000701c00000, 0x0000000709c00000, 0x0000000780980000)
  object space 131072K, 7% used [0x0000000701c00000,0x00000007025c4638,0x0000000709c00000)
 Metaspace       used 17329K, capacity 17490K, committed 17792K, reserved 1064960K
  class space    used 1726K, capacity 1796K, committed 1920K, reserved 1048576K
Event: 6.665 GC heap after
Heap after GC invocations=2 (full 0):
 PSYoungGen      total 57344K, used 8173K [0x0000000780980000, 0x0000000784980000, 0x00000007c0000000)
  eden space 49152K, 0% used [0x0000000780980000,0x0000000780980000,0x0000000783980000)
  from space 8192K, 99% used [0x0000000784180000,0x000000078497b7b0,0x0000000784980000)
  to   space 8192K, 0% used [0x0000000783980000,0x0000000783980000,0x0000000784180000)
 ParOldGen       total 131072K, used 12085K [0x0000000701c00000, 0x0000000709c00000, 0x0000000780980000)
  object space 131072K, 9% used [0x0000000701c00000,0x00000007027cd740,0x0000000709c00000)
 Metaspace       used 17329K, capacity 17490K, committed 17792K, reserved 1064960K
  class space    used 1726K, capacity 1796K, committed 1920K, reserved 1048576K
}

