# JRE version: Java(TM) SE Runtime Environment (8.0_201-b09) (build 1.8.0_201-b09)
# Java VM: Java HotSpot(TM) 64-Bit Server VM (25.201-b09 mixed mode windows-amd64 compressed oops)
Heap:
 PSYoungGen      total 608768K, used 144514K [0x0000000780980000, 0x00000007ac100000, 0x00000007c0000000)
  eden space 520704K, 25% used [0x0000000780980000,0x0000000788d579e0,0x00000007a0600000)
  from space 88064K, 10% used [0x00000007a6b00000,0x00000007a7449200,0x00000007ac100000)
  to   space 95744K, 0% used [0x00000007a0600000,0x00000007a0600000,0x00000007a6380000)
 ParOldGen       total 273920K, used 149291K [0x0000000701c00000, 0x0000000712780000, 0x0000000780980000)
  object space 273920K, 54% used [0x0000000701c00000,0x000000070adcae10,0x0000000712780000)
 Metaspace       used 18097K, capacity 18290K, committed 18560K, reserved 1067008K
  class space    used 1822K, capacity 1892K, committed 1920K, reserved 1048576K
GC Heap History (10 events):
Event: 7.842 GC heap before
{Heap before GC invocations=12 (full 1):
 PSYoungGen      total 307712K, used 301856K [0x0000000780980000, 0x0000000799600000, 0x00000007c0000000)
  eden space 240128K, 100% used [0x0000000780980000,0x000000078f400000,0x000000078f400000)
  from space 67584K, 91% used [0x0000000794000000,0x0000000797c48050,0x0000000798200000)
  to   space 77824K, 0% used [0x000000078f400000,0x000000078f400000,0x0000000794000000)
 ParOldGen       total 142848K, used 71448K [0x0000000701c00000, 0x000000070a780000, 0x0000000780980000)
  object space 142848K, 50% used [0x0000000701c00000,0x00000007061c6258,0x000000070a780000)
 Metaspace       used 16887K, capacity 17074K, committed 17280K, reserved 1064960K
  class space    used 1764K, capacity 1828K, committed 1920K, reserved 1048576K
Event: 7.868 GC heap after
Heap after GC invocations=12 (full 1):
 PSYoungGen      total 317952K, used 65760K [0x0000000780980000, 0x00000007a1a80000, 0x00000007c0000000)
  eden space 240128K, 0% used [0x0000000780980000,0x0000000780980000,0x000000078f400000)
  from space 77824K, 84% used [0x000000078f400000,0x0000000793438040,0x0000000794000000)
  to   space 87552K, 0% used [0x000000079c500000,0x000000079c500000,0x00000007a1a80000)
 ParOldGen       total 181248K, used 169784K [0x0000000701c00000, 0x000000070cd00000, 0x0000000780980000)
  object space 181248K, 93% used [0x0000000701c00000,0x000000070c1ce2c8,0x000000070cd00000)
 Metaspace       used 16887K, capacity 17074K, committed 17280K, reserved 1064960K
  class space    used 1764K, capacity 1828K, committed 1920K, reserved 1048576K
}
Event: 7.868 GC heap before
{Heap before GC invocations=13 (full 2):
 PSYoungGen      total 317952K, used 65760K [0x0000000780980000, 0x00000007a1a80000, 0x00000007c0000000)
  eden space 240128K, 0% used [0x0000000780980000,0x0000000780980000,0x000000078f400000)
  from space 77824K, 84% used [0x000000078f400000,0x0000000793438040,0x0000000794000000)
  to   space 87552K, 0% used [0x000000079c500000,0x000000079c500000,0x00000007a1a80000)
 ParOldGen       total 181248K, used 169784K [0x0000000701c00000, 0x000000070cd00000, 0x0000000780980000)
  object space 181248K, 93% used [0x0000000701c00000,0x000000070c1ce2c8,0x000000070cd00000)
 Metaspace       used 16887K, capacity 17074K, committed 17280K, reserved 1064960K
  class space    used 1764K, capacity 1828K, committed 1920K, reserved 1048576K
Event: 7.892 GC heap after
Heap after GC invocations=13 (full 2):
 PSYoungGen      total 317952K, used 0K [0x0000000780980000, 0x00000007a1a80000, 0x00000007c0000000)
  eden space 240128K, 0% used [0x0000000780980000,0x0000000780980000,0x000000078f400000)
  from space 77824K, 0% used [0x000000078f400000,0x000000078f400000,0x0000000794000000)
  to   space 87552K, 0% used [0x000000079c500000,0x000000079c500000,0x00000007a1a80000)
 ParOldGen       total 273920K, used 132859K [0x0000000701c00000, 0x0000000712780000, 0x0000000780980000)
  object space 273920K, 48% used [0x0000000701c00000,0x0000000709dbee00,0x0000000712780000)
 Metaspace       used 16887K, capacity 17074K, committed 17280K, reserved 1064960K
  class space    used 1764K, capacity 1828K, committed 1920K, reserved 1048576K
}
Event: 8.384 GC heap before
{Heap before GC invocations=14 (full 2):
 PSYoungGen      total 317952K, used 239696K [0x0000000780980000, 0x00000007a1a80000, 0x00000007c0000000)
  eden space 240128K, 99% used [0x0000000780980000,0x000000078f3941e0,0x000000078f400000)
  from space 77824K, 0% used [0x000000078f400000,0x000000078f400000,0x0000000794000000)
  to   space 87552K, 0% used [0x000000079c500000,0x000000079c500000,0x00000007a1a80000)
 ParOldGen       total 273920K, used 132859K [0x0000000701c00000, 0x0000000712780000, 0x0000000780980000)
  object space 273920K, 48% used [0x0000000701c00000,0x0000000709dbee00,0x0000000712780000)
 Metaspace       used 16887K, capacity 17074K, committed 17280K, reserved 1064960K
  class space    used 1764K, capacity 1828K, committed 1920K, reserved 1048576K
Event: 8.393 GC heap after
Heap after GC invocations=14 (full 2):
 PSYoungGen      total 422400K, used 16544K [0x0000000780980000, 0x00000007a0780000, 0x00000007c0000000)
  eden space 354304K, 0% used [0x0000000780980000,0x0000000780980000,0x0000000796380000)
  from space 68096K, 24% used [0x000000079c500000,0x000000079d528010,0x00000007a0780000)
  to   space 83968K, 0% used [0x0000000796380000,0x0000000796380000,0x000000079b580000)
 ParOldGen       total 273920K, used 132859K [0x0000000701c00000, 0x0000000712780000, 0x0000000780980000)
  object space 273920K, 48% used [0x0000000701c00000,0x0000000709dbee00,0x0000000712780000)
 Metaspace       used 16887K, capacity 17074K, committed 17280K, reserved 1064960K
  class space    used 1764K, capacity 1828K, committed 1920K, reserved 1048576K
}
Event: 9.225 GC heap before
{Heap before GC invocations=15 (full 2):
 PSYoungGen      total 422400K, used 370848K [0x0000000780980000, 0x00000007a0780000, 0x00000007c0000000)
  eden space 354304K, 100% used [0x0000000780980000,0x0000000796380000,0x0000000796380000)
  from space 68096K, 24% used [0x000000079c500000,0x000000079d528010,0x00000007a0780000)
  to   space 83968K, 0% used [0x0000000796380000,0x0000000796380000,0x000000079b580000)
 ParOldGen       total 273920K, used 132859K [0x0000000701c00000, 0x0000000712780000, 0x0000000780980000)
  object space 273920K, 48% used [0x0000000701c00000,0x0000000709dbee00,0x0000000712780000)
 Metaspace       used 16887K, capacity 17074K, committed 17280K, reserved 1064960K
  class space    used 1764K, capacity 1828K, committed 1920K, reserved 1048576K
Event: 9.252 GC heap after
Heap after GC invocations=15 (full 2):
 PSYoungGen      total 438272K, used 82112K [0x0000000780980000, 0x00000007acb00000, 0x00000007c0000000)
  eden space 354304K, 0% used [0x0000000780980000,0x0000000780980000,0x0000000796380000)
  from space 83968K, 97% used [0x0000000796380000,0x000000079b3b0050,0x000000079b580000)
  to   space 98304K, 0% used [0x00000007a6b00000,0x00000007a6b00000,0x00000007acb00000)
 ParOldGen       total 273920K, used 149267K [0x0000000701c00000, 0x0000000712780000, 0x0000000780980000)
  object space 273920K, 54% used [0x0000000701c00000,0x000000070adc4e10,0x0000000712780000)
 Metaspace       used 16887K, capacity 17074K, committed 17280K, reserved 1064960K
  class space    used 1764K, capacity 1828K, committed 1920K, reserved 1048576K
}
Event: 9.912 GC heap before
{Heap before GC invocations=16 (full 2):
 PSYoungGen      total 438272K, used 436416K [0x0000000780980000, 0x00000007acb00000, 0x00000007c0000000)
  eden space 354304K, 100% used [0x0000000780980000,0x0000000796380000,0x0000000796380000)
  from space 83968K, 97% used [0x0000000796380000,0x000000079b3b0050,0x000000079b580000)
  to   space 98304K, 0% used [0x00000007a6b00000,0x00000007a6b00000,0x00000007acb00000)
 ParOldGen       total 273920K, used 149267K [0x0000000701c00000, 0x0000000712780000, 0x0000000780980000)
  object space 273920K, 54% used [0x0000000701c00000,0x000000070adc4e10,0x0000000712780000)
 Metaspace       used 18064K, capacity 18226K, committed 18560K, reserved 1067008K
  class space    used 1821K, capacity 1892K, committed 1920K, reserved 1048576K
Event: 9.919 GC heap after
Heap after GC invocations=16 (full 2):
 PSYoungGen      total 608768K, used 9508K [0x0000000780980000, 0x00000007ac100000, 0x00000007c0000000)
  eden space 520704K, 0% used [0x0000000780980000,0x0000000780980000,0x00000007a0600000)
  from space 88064K, 10% used [0x00000007a6b00000,0x00000007a7449200,0x00000007ac100000)
  to   space 95744K, 0% used [0x00000007a0600000,0x00000007a0600000,0x00000007a6380000)
 ParOldGen       total 273920K, used 149291K [0x0000000701c00000, 0x0000000712780000, 0x0000000780980000)
  object space 273920K, 54% used [0x0000000701c00000,0x000000070adcae10,0x0000000712780000)
 Metaspace       used 18064K, capacity 18226K, committed 18560K, reserved 1067008K
  class space    used 1821K, capacity 1892K, committed 1920K, reserved 1048576K
}

